\BOOKMARK [1][-]{section.1}{\376\377\000I\000n\000t\000r\000o\000d\000u\000c\000t\000i\000o\000n}{}% 1
\BOOKMARK [2][-]{subsection.1.1}{\376\377\000M\000o\000t\000i\000v\000a\000t\000i\000o\000n\000\040\000a\000n\000d\000\040\000p\000a\000p\000e\000r\000\040\000p\000o\000s\000i\000t\000i\000o\000n\000i\000n\000g}{section.1}% 2
\BOOKMARK [2][-]{subsection.1.2}{\376\377\000H\000y\000p\000o\000t\000h\000e\000s\000i\000s}{section.1}% 3
\BOOKMARK [1][-]{section.2}{\376\377\000I\000n\000t\000r\000o\000d\000u\000c\000t\000i\000o\000n\000\040\000t\000o\000\040\000f\000a\000c\000t\000o\000r\000\040\000i\000n\000v\000e\000s\000t\000i\000n\000g}{}% 4
\BOOKMARK [2][-]{subsection.2.1}{\376\377\000M\000P\000T\000\040\000t\000o\000\040\000C\000A\000P\000M\000\040\000f\000r\000a\000m\000e\000w\000o\000r\000k}{section.2}% 5
\BOOKMARK [2][-]{subsection.2.2}{\376\377\000F\000a\000m\000a\000-\000F\000r\000e\000n\000c\000h\000\040\000t\000h\000r\000e\000e\000-\000f\000a\000c\000t\000o\000r\000\040\000m\000o\000d\000e\000l}{section.2}% 6
\BOOKMARK [2][-]{subsection.2.3}{\376\377\000C\000a\000r\000h\000a\000r\000t\000\040\000f\000o\000u\000r\000-\000f\000a\000c\000t\000o\000r\000\040\000m\000o\000d\000e\000l}{section.2}% 7
\BOOKMARK [2][-]{subsection.2.4}{\376\377\000F\000a\000m\000a\000-\000F\000r\000e\000n\000c\000h\000\040\000f\000i\000v\000e\000-\000f\000a\000c\000t\000o\000r\000\040\000m\000o\000d\000e\000l}{section.2}% 8
\BOOKMARK [2][-]{subsection.2.5}{\376\377\000F\000a\000c\000t\000o\000r\000\040\000i\000n\000v\000e\000s\000t\000i\000n\000g\000\040\000z\000o\000o}{section.2}% 9
\BOOKMARK [1][-]{section.3}{\376\377\000E\000m\000p\000i\000r\000i\000c\000a\000l\000\040\000f\000r\000a\000m\000e\000w\000o\000r\000k}{}% 10
\BOOKMARK [2][-]{subsection.3.1}{\376\377\000D\000e\000s\000c\000r\000i\000p\000t\000i\000v\000e\000\040\000s\000t\000a\000t\000i\000s\000t\000i\000c\000s\000\040\000o\000f\000\040\000U\000.\000S\000.\000\040\000e\000q\000u\000i\000t\000y\000\040\000f\000a\000c\000t\000o\000r\000s}{section.3}% 11
\BOOKMARK [2][-]{subsection.3.2}{\376\377\000P\000e\000r\000f\000o\000r\000m\000a\000n\000c\000e\000\040\000a\000n\000d\000\040\000c\000o\000r\000r\000e\000l\000a\000t\000i\000o\000n\000\040\000d\000y\000n\000a\000m\000i\000c\000s\000\040\000a\000c\000r\000o\000s\000s\000\040\000M\000S\000C\000I\000\040\000e\000q\000u\000i\000t\000y\000\040\000f\000a\000c\000t\000o\000r\000s}{section.3}% 12
\BOOKMARK [2][-]{subsection.3.3}{\376\377\000A\000s\000y\000m\000m\000e\000t\000r\000i\000c\000\040\000v\000o\000l\000a\000t\000i\000l\000i\000t\000y\000,\000\040\000r\000e\000g\000i\000m\000e\000\040\000d\000e\000p\000e\000n\000d\000e\000n\000c\000e\000,\000\040\000a\000n\000d\000\040\000t\000a\000i\000l\000\040\000r\000i\000s\000k\000\040\000i\000n\000\040\000M\000S\000C\000I\000\040\000e\000q\000u\000i\000t\000y\000\040\000f\000a\000c\000t\000o\000r\000s}{section.3}% 13
\BOOKMARK [2][-]{subsection.3.4}{\376\377\000N\000e\000w\000s\000\040\000i\000m\000p\000a\000c\000t\000\040\000f\000u\000n\000c\000t\000i\000o\000n\000s\000\040\000a\000n\000d\000\040\000d\000o\000w\000n\000s\000i\000d\000e\000\040\000c\000o\000n\000v\000e\000x\000i\000t\000y}{section.3}% 14
\BOOKMARK [2][-]{subsection.3.5}{\376\377\000T\000a\000i\000l\000\040\000r\000i\000s\000k\000\040\000c\000a\000l\000i\000b\000r\000a\000t\000i\000o\000n\000\040\000a\000n\000d\000\040\000V\000a\000R\000\040\000b\000a\000c\000k\000t\000e\000s\000t\000i\000n\000g}{section.3}% 15
\BOOKMARK [2][-]{subsection.3.6}{\376\377\000K\000u\000p\000i\000e\000c\000\040\000V\000a\000R\000\040\000b\000a\000c\000k\000t\000e\000s\000t\000s\000:\000\040\000C\000o\000v\000e\000r\000a\000g\000e\000\040\000q\000u\000a\000l\000i\000t\000y\000\040\000a\000n\000d\000\040\000e\000c\000o\000n\000o\000m\000i\000c\000\040\000i\000n\000t\000e\000r\000p\000r\000e\000t\000a\000t\000i\000o\000n}{section.3}% 16
\BOOKMARK [2][-]{subsection.3.7}{\376\377\000I\000m\000p\000l\000i\000c\000a\000t\000i\000o\000n\000s\000\040\000f\000o\000r\000\040\000m\000u\000l\000t\000i\000-\000f\000a\000c\000t\000o\000r\000\040\000p\000o\000r\000t\000f\000o\000l\000i\000o\000\040\000c\000o\000n\000s\000t\000r\000u\000c\000t\000i\000o\000n}{section.3}% 17
\BOOKMARK [2][-]{subsection.3.8}{\376\377\000C\000o\000r\000r\000e\000l\000a\000t\000i\000o\000n\000\040\000c\000o\000n\000v\000e\000r\000g\000e\000n\000c\000e\000\040\000i\000n\000\040\000h\000i\000g\000h\000\040\000v\000o\000l\000a\000t\000i\000l\000i\000t\000y\000\040\000s\000t\000a\000t\000e\000s}{section.3}% 18
\BOOKMARK [2][-]{subsection.3.9}{\376\377\000G\000A\000R\000C\000H\000-\000C\000o\000n\000d\000i\000t\000i\000o\000n\000e\000d\000\040\000M\000e\000a\000n\000-\000V\000a\000r\000i\000a\000n\000c\000e\000\040\000a\000l\000l\000o\000c\000a\000t\000i\000o\000n}{section.3}% 19
\BOOKMARK [2][-]{subsection.3.10}{\376\377\000A\000p\000p\000l\000i\000e\000d\000\040\000c\000a\000s\000e\000\040\000s\000t\000u\000d\000y\000:\000\040\000V\000o\000l\000a\000t\000i\000l\000i\000t\000y\000\040\000p\000a\000t\000t\000e\000r\000n\000s\000\040\000d\000u\000r\000i\000n\000g\000\040\000C\000O\000V\000I\000D\000-\0001\0009}{section.3}% 20
\BOOKMARK [3][-]{subsubsection.3.10.1}{\376\377\000D\000a\000t\000a\000\040\000a\000n\000d\000\040\000t\000i\000m\000e\000f\000r\000a\000m\000e}{subsection.3.10}% 21
\BOOKMARK [3][-]{subsubsection.3.10.2}{\376\377\000M\000e\000t\000h\000o\000d\000o\000l\000o\000g\000y}{subsection.3.10}% 22
\BOOKMARK [3][-]{subsubsection.3.10.3}{\376\377\000M\000S\000C\000I\000\040\000f\000a\000c\000t\000o\000r\000\040\000b\000e\000h\000a\000v\000i\000o\000r\000\040\000d\000u\000r\000i\000n\000g\000\040\000t\000h\000e\000\040\000C\000O\000V\000I\000D\000-\0001\0009\000\040\000s\000h\000o\000c\000k}{subsection.3.10}% 23
\BOOKMARK [3][-]{subsubsection.3.10.4}{\376\377\000D\000i\000s\000t\000r\000i\000b\000u\000t\000i\000o\000n\000a\000l\000\040\000p\000r\000o\000p\000e\000r\000t\000i\000e\000s\000\040\000u\000n\000d\000e\000r\000\040\000c\000r\000i\000s\000i\000s\000\040\000s\000t\000r\000e\000s\000s}{subsection.3.10}% 24
\BOOKMARK [3][-]{subsubsection.3.10.5}{\376\377\000V\000o\000l\000a\000t\000i\000l\000i\000t\000y\000\040\000p\000e\000r\000s\000i\000s\000t\000e\000n\000c\000e\000\040\000a\000n\000d\000\040\000d\000i\000a\000g\000n\000o\000s\000t\000i\000c\000\040\000e\000v\000i\000d\000e\000n\000c\000e}{subsection.3.10}% 25
\BOOKMARK [3][-]{subsubsection.3.10.6}{\376\377\000A\000s\000y\000m\000m\000e\000t\000r\000y\000\040\000a\000n\000d\000\040\000m\000o\000d\000e\000l\000\040\000c\000o\000m\000p\000a\000r\000i\000s\000o\000n\000:\000\040\000E\000G\000A\000R\000C\000H\000\040\000v\000s\000\040\000G\000A\000R\000C\000H}{subsection.3.10}% 26
\BOOKMARK [3][-]{subsubsection.3.10.7}{\376\377\000T\000a\000i\000l\000\040\000r\000i\000s\000k\000\040\000m\000i\000s\000e\000s\000t\000i\000m\000a\000t\000i\000o\000n\000\040\000i\000n\000\040\000c\000r\000i\000s\000i\000s\000\040\000p\000e\000a\000k\000s}{subsection.3.10}% 27
\BOOKMARK [3][-]{subsubsection.3.10.8}{\376\377\000O\000u\000t\000-\000o\000f\000-\000s\000a\000m\000p\000l\000e\000\040\000v\000a\000l\000i\000d\000a\000t\000i\000o\000n}{subsection.3.10}% 28
\BOOKMARK [3][-]{subsubsection.3.10.9}{\376\377\000E\000c\000o\000n\000o\000m\000i\000c\000\040\000i\000n\000t\000e\000r\000p\000r\000e\000t\000a\000t\000i\000o\000n}{subsection.3.10}% 29
\BOOKMARK [3][-]{subsubsection.3.10.10}{\376\377\000L\000i\000m\000i\000t\000a\000t\000i\000o\000n\000s}{subsection.3.10}% 30
\BOOKMARK [2][-]{subsection.3.11}{\376\377\000C\000r\000i\000s\000i\000s\000\040\000d\000y\000n\000a\000m\000i\000c\000s\000:\000\040\000V\000o\000l\000a\000t\000i\000l\000i\000t\000y\000\040\000a\000s\000y\000m\000m\000e\000t\000r\000y\000\040\000a\000n\000d\000\040\000c\000o\000r\000r\000e\000l\000a\000t\000i\000o\000n\000\040\000c\000o\000n\000v\000e\000r\000g\000e\000n\000c\000e\000\040\000d\000u\000r\000i\000n\000g\000\040\000C\000O\000V\000I\000D\000-\0001\0009}{section.3}% 31
\BOOKMARK [3][-]{subsubsection.3.11.1}{\376\377\000D\000i\000s\000t\000r\000i\000b\000u\000t\000i\000o\000n\000a\000l\000\040\000b\000r\000e\000a\000k\000d\000o\000w\000n\000\040\000a\000n\000d\000\040\000v\000o\000l\000a\000t\000i\000l\000i\000t\000y\000\040\000p\000e\000r\000s\000i\000s\000t\000e\000n\000c\000e}{subsection.3.11}% 32
\BOOKMARK [3][-]{subsubsection.3.11.2}{\376\377\000A\000s\000y\000m\000m\000e\000t\000r\000i\000c\000\040\000a\000m\000p\000l\000i\000f\000i\000c\000a\000t\000i\000o\000n\000\040\000a\000n\000d\000\040\000f\000a\000c\000t\000o\000r\000-\000l\000e\000v\000e\000l\000\040\000l\000e\000v\000e\000r\000a\000g\000e\000\040\000e\000f\000f\000e\000c\000t\000s}{subsection.3.11}% 33
\BOOKMARK [3][-]{subsubsection.3.11.3}{\376\377\000C\000o\000r\000r\000e\000l\000a\000t\000i\000o\000n\000\040\000c\000o\000n\000v\000e\000r\000g\000e\000n\000c\000e\000\040\000u\000n\000d\000e\000r\000\040\000s\000t\000r\000e\000s\000s}{subsection.3.11}% 34
\BOOKMARK [3][-]{subsubsection.3.11.4}{\376\377\000E\000f\000f\000i\000c\000i\000e\000n\000t\000\040\000f\000r\000o\000n\000t\000i\000e\000r\000\040\000c\000o\000m\000p\000r\000e\000s\000s\000i\000o\000n}{subsection.3.11}% 35
\BOOKMARK [3][-]{subsubsection.3.11.5}{\376\377\000T\000a\000i\000l\000\040\000r\000i\000s\000k\000\040\000u\000n\000d\000e\000r\000e\000s\000t\000i\000m\000a\000t\000i\000o\000n\000\040\000a\000n\000d\000\040\000V\000a\000R\000\040\000r\000e\000j\000e\000c\000t\000i\000o\000n\000s}{subsection.3.11}% 36
\BOOKMARK [3][-]{subsubsection.3.11.6}{\376\377\000O\000u\000t\000-\000o\000f\000-\000S\000a\000m\000p\000l\000e\000\040\000\050\000O\000O\000S\000\051\000\040\000e\000v\000i\000d\000e\000n\000c\000e\000\040\000a\000n\000d\000\040\000e\000c\000o\000n\000o\000m\000i\000c\000\040\000s\000i\000g\000n\000i\000f\000i\000c\000a\000n\000c\000e}{subsection.3.11}% 37
\BOOKMARK [3][-]{subsubsection.3.11.7}{\376\377\000I\000n\000t\000e\000g\000r\000a\000t\000e\000d\000\040\000c\000r\000i\000s\000i\000s\000\040\000i\000n\000t\000e\000r\000p\000r\000e\000t\000a\000t\000i\000o\000n}{subsection.3.11}% 38
\BOOKMARK [3][-]{subsubsection.3.11.8}{\376\377\000C\000o\000n\000c\000l\000u\000s\000i\000o\000n\000:\000\040\000A\000n\000a\000l\000y\000s\000i\000s\000\040\000o\000f\000\040\000v\000o\000l\000a\000t\000i\000l\000i\000t\000y\000\040\000a\000m\000i\000d\000\040\000C\000O\000V\000I\000D\000-\0001\0009\000\040\000p\000a\000n\000d\000e\000m\000i\000c}{subsection.3.11}% 39
\BOOKMARK [1][-]{section.4}{\376\377\000C\000o\000n\000c\000l\000u\000s\000i\000o\000n\000:\000\040\000A\000\040\000u\000n\000i\000f\000i\000e\000d\000\040\000f\000r\000a\000m\000e\000w\000o\000r\000k\000\040\000f\000o\000r\000\040\000s\000t\000a\000t\000e\000-\000d\000e\000p\000e\000n\000d\000e\000n\000t\000\040\000f\000a\000c\000t\000o\000r\000\040\000r\000i\000s\000k}{}% 40
